CRITICAL - meta_parameters for pendulum mppi solver: {'N_Samples': 1000, 'TIMESTEPS': 30, 'lambda': 1, 'noise_mean': 0, 'noise_sde': 10, 'N_ITERATION': 100, 'initial_U': array([ 1.68226284, -0.40144886,  1.19230565, -1.97420659, -1.38370728,
        1.02328299,  0.74391361, -1.2796921 , -1.24700564, -0.65371052,
       -1.6112131 , -1.54283051,  1.36172973,  0.70124635,  0.8756142 ,
       -0.96022574, -0.55712906,  1.09457646,  1.49515325, -0.45908704,
        1.62534454,  1.52147195, -1.29740878,  0.20600735, -0.02903082,
        0.8917956 , -1.81070607, -1.03424366, -1.81865016,  0.27540501])}
INFO - updated_U: [ 3.7157487   1.3801657   1.26244793 -0.86433189 -0.54618973  2.89569565
  2.06817375  0.50256138  0.60525386  1.10706539  0.630881    1.03394766
  2.08015497  1.76891589  0.54900291 -2.14896542 -1.60806752  1.57101043
  0.36883575  0.65890312  3.12148292  0.78905431 -0.3052045  -0.0728442
  0.28182308  3.02898539 -1.61008902 -0.34637021 -1.0714625  -0.13224275]
CRITICAL - action taken at iteration 0: 3.72 cost received: 0.57
INFO - updated_U: [ 3.42422295  2.62037808 -0.34409118  0.88537379  2.86576053  3.06927319
  3.17349981  3.41762421  4.96275978  3.2219053   2.8548246   0.28444996
  0.60883076 -0.20771031 -1.53456616 -2.41069041 -0.1693374  -0.15913596
 -0.38310421  3.96029669  2.36120066 -0.38908717  0.8578066   0.3350177
  3.33484977 -0.15604274  0.2417986  -1.92960464 -0.11547774 -0.86201228]
CRITICAL - action taken at iteration 1: 3.42 cost received: 0.61
INFO - updated_U: [ 4.02240302  0.89050999  2.2470749   2.39058778  4.63149359  5.067045
  5.42349638  7.64187305  6.19258036  4.09701603 -0.63944865 -3.33290804
 -1.71035995 -3.17533355 -2.09516329  0.34103419  1.22487515 -0.59867738
  1.77788977  3.59254701 -0.53684755  1.2417434   0.4431227   3.51720575
  2.97035306  1.48191121 -0.81270363  1.16935846 -0.34902033 -0.04398652]
CRITICAL - action taken at iteration 2: 4.02 cost received: 0.85
INFO - updated_U: [ 1.34041141  4.08452159  2.9188334   4.85755259  7.27021444  8.46989999
  9.18909117  8.4430475   5.95007472 -2.06236861 -4.98111689 -2.03186004
 -3.05669651 -3.50114376 -0.60042168  1.42423759  0.1518742   2.56350077
  3.8869373   2.6143559   2.65841591 -1.05341516  2.72975046  2.80212861
  1.8364065   0.82978295  1.04136922  0.93163777  0.05380179  0.51941258]
CRITICAL - action taken at iteration 3: 1.34 cost received: 1.33
INFO - updated_U: [ 5.91207979  5.638008    6.37573453 10.38165189  8.5989796  13.26276029
  9.78774058  7.02560575 -6.19354987 -6.64874618 -1.99537086 -2.85481577
 -5.33654483 -0.94856801  1.59043447  1.61651361  2.46350794  5.50105405
  4.15797005  5.04262068 -1.14575492  1.07706759  4.5392841  -1.6810361
  1.51466028  2.72841223  1.67267032  0.59406801  1.22069897  1.5840317 ]
CRITICAL - action taken at iteration 4: 5.91 cost received: 2.03
INFO - updated_U: [ 7.36921911  8.00199146 12.65811665  9.51453988 11.75567391 13.7200273
  7.87207952 -6.30735538 -7.08439302 -3.77381798 -4.11474556 -4.88529148
 -0.43667154  0.48491945  2.47004192  2.78952543  5.94028662  3.49905595
  5.50082737  0.03711143  0.53785339  3.31522497 -2.51609309  0.10392945
  3.2228369   3.37681175  1.3900263   2.54886582 -0.10346558  0.96765991]
CRITICAL - action taken at iteration 5: 7.37 cost received: 3.14
INFO - updated_U: [10.4606367  12.43150745 11.07817832 12.32864107 15.11213745 10.2395127
 -9.01038173 -6.39964781 -2.9029173  -6.47735018 -7.15608893  1.88322642
  1.00166174  3.94965639  1.97715596  8.22912915  3.65088948  8.05836469
  0.78011381  0.92268809  5.04487543 -2.81887039 -1.47162758  4.12954147
  4.01576482  2.88277181  4.05198818  0.93775442 -2.28407786  2.79398679]
CRITICAL - action taken at iteration 6: 10.46 cost received: 4.73
INFO - updated_U: [ 11.68142962  11.17099041  14.59111233  15.18385122  11.79122082
 -11.73962316  -6.60365674  -2.79379945  -6.85814978  -8.82304328
   2.50669066   0.67342136   5.76638747   1.70522492   7.42266445
   5.1352711    8.673952     0.96724869  -0.39187456   6.0338536
  -2.99727859  -0.03143286   3.75518953   2.68306722   2.54321866
   4.08152045   1.02999134  -1.78713223   3.04592163   0.55329005]
CRITICAL - action taken at iteration 7: 11.68 cost received: 6.86
INFO - updated_U: [ 12.54844968  15.66130641  13.80931409  15.87114996 -13.36561843
  -9.01424525  -2.49208388  -6.21715685  -9.65291278   1.43342677
   1.86537078   9.1915129   -0.36728668   8.58308164   5.57646239
   9.41322585   1.1139074    2.57094704   5.72236379  -1.32062269
   0.3561111    3.83246072   2.78787584   2.57138767   3.48073502
   0.55360072  -1.59048262   3.84214229  -0.82194607   0.20526961]
CRITICAL - action taken at iteration 8: 12.55 cost received: 9.58
INFO - updated_U: [ 19.12246655  15.68661833  15.70894247 -12.99104172  -9.86886156
   0.34021293  -6.28940787  -9.18850894   2.01004914   0.98079216
   6.75715046  -2.21069974   7.08869861   6.71329009   8.95922078
   0.93977313   2.21603766   5.21729377  -1.3643925    2.95461253
   5.4109577    3.24633102   3.23579214   3.81742931   0.40486139
  -3.44242052   3.86597676  -0.50429511   1.15047813   2.86101966]
CRITICAL - action taken at iteration 9: 19.12 cost received: 12.82
INFO - updated_U: [ 17.001011    15.66569568 -14.46658447 -12.05987941   0.74538702
  -4.53892046  -9.22449805   1.9561384   -1.3652015    8.65957593
  -3.0396148    7.78815043   4.42205691  12.69825278   0.30151154
   0.25020718   6.00831683  -2.66341921   3.39133541   4.64525599
   1.34810427   2.63994579   3.00510993   3.235991     0.88759336
   4.89005614  -1.98333311   0.43056061   5.27505743   0.33989046]
CRITICAL - action taken at iteration 10: 17.00 cost received: 15.37
INFO - updated_U: [ 17.83337524 -15.91020523 -13.83799189   3.72430545  -5.48005508
  -9.84754677   3.77149863  -0.47279182  10.98642676  -5.29772765
  12.71588576   3.51191435  10.5396051    0.71236431   0.47326442
   4.81744653  -3.00999362   5.37204826   3.64880026   1.75309046
   3.11320155   4.29639604   5.54852771  -1.82966749   4.23005447
  -2.75805275  -0.19204333   7.77707861   1.37916156  -0.21105281]
CRITICAL - action taken at iteration 11: 17.83 cost received: 14.63
INFO - updated_U: [-16.09779895 -13.37326093   4.68738919  -7.13532802  -6.78646307
   2.89569372  -1.31752633   9.10069719  -8.5262607   12.42167897
   5.72188585  10.48507328  -0.43123694   1.2905482    1.69187501
  -2.09258355   4.81479524   1.59995761   0.07760989   4.64395662
   3.49705882   5.0123399   -1.93281462   3.57368447  -4.11770594
  -1.06221504   7.98405519   2.6563504   -1.86670493   0.65255149]
CRITICAL - action taken at iteration 12: -16.10 cost received: 12.47
INFO - updated_U: [-12.59217812   4.08185086  -8.06340264  -7.81415532   3.57652137
  -0.33487224  10.38948034  -9.14448043  17.21984847   5.98553855
  10.99470858   1.61210268   2.33512762  -0.95471855  -5.15087773
   6.82104268   0.36352985   0.81545153   4.34816124   7.44527727
   2.61154161  -2.97603351   1.15059838  -2.65656247  -2.34370908
   8.05655183   1.97245452  -0.3578925   -2.08381274   0.73983997]
CRITICAL - action taken at iteration 13: -12.59 cost received: 9.65
INFO - updated_U: [  6.74745993 -10.75746678  -9.4267532    5.22006568  -0.16905584
  10.00345705  -9.49344656  15.80204362   7.80280769  11.99722415
   1.01470701   1.81068183  -1.63440807   1.61977584   5.0334812
   0.59200024   1.59246856   5.37323419   9.29689401   4.61952566
   0.10927396   2.69521712  -4.01226882  -0.73332089   5.99962715
   2.12726994   0.19099563   4.1260634    2.40784081   1.20535427]
CRITICAL - action taken at iteration 14: 6.75 cost received: 7.15
INFO - updated_U: [-11.17118388 -10.93950377   4.83848418  -2.01835639   9.92458255
 -10.21256596  13.38774442   7.28439727  12.0205517    1.99417803
   3.39355561  -1.16930889  -0.56241216   6.88716632   2.60362028
   2.84987025   4.75333446  11.50309062   5.71417804  -0.9816482
   3.9431479   -2.84060831  -3.81001937   7.89341048   2.67730971
  -0.16702067   2.50549416   4.7141123    3.03686367   1.59716393]
CRITICAL - action taken at iteration 15: -11.17 cost received: 5.66
INFO - updated_U: [-12.79113188   2.87910597   2.12517564   7.23303899  -9.9334971
  14.19316147   5.10032289   8.70187867   4.21195056   3.9771304
  -2.69056173  -0.62256198   8.71310693   1.5245784   -0.40975447
   8.32784847  12.02157193   7.61582517  -3.51527064   4.69436365
  -2.76582978  -6.89860709  10.93933567   2.05236977  -0.19313959
   3.5926722    5.48814774   2.32007192  -1.39523161  -1.02793158]
CRITICAL - action taken at iteration 16: -12.79 cost received: 3.89
INFO - updated_U: [ 1.54903199  4.98861364  7.86292818 -7.75033869 12.49767602  6.87393189
 13.90446071  4.02868993  5.5590804  -4.35132563 -3.13012285  7.02199529
  0.15709803 -0.82567371  7.80165414  7.79498597 11.84908751 -4.34678478
  5.59566305 -1.04718132 -8.87423271  8.76637898 -1.19520876 -2.04048671
  7.13211803  4.80143516  3.30254518 -2.95665952  0.08344146 -0.78260554]
CRITICAL - action taken at iteration 17: 1.55 cost received: 2.57
INFO - updated_U: [-1.04260663 10.57099226 -8.58034698 14.41477421  8.51965532 15.85113782
  6.54358997  3.27080236 -0.08467817 -5.37195456  8.65885682  1.86411625
 -4.95944633  8.54787913  6.97779482  8.83384086 -6.84009459  2.12290406
 -0.24848993 -8.28817951 11.10836262  1.29034735 -1.03368585  5.5519372
  8.50043417  3.1540856  -2.41386665  0.35137915 -1.8316626   1.0952766 ]
CRITICAL - action taken at iteration 18: -1.04 cost received: 1.94
INFO - updated_U: [ 13.33365348 -12.02040561  17.97642626   9.46691368  13.35037012
   6.19795525   2.01776118  -2.73552003  -6.53640747   4.30445487
   0.90667513  -2.53760676   8.90888434   5.22112946   8.47869303
  -3.35203587   3.11185838   0.22065874 -10.38710999  11.80639849
   1.75731567  -1.59592273   3.32087285   8.17574727   0.92475566
  -4.19456545   1.23883119  -1.44671202   2.18803411  -2.88282854]
CRITICAL - action taken at iteration 19: 13.33 cost received: 1.28
INFO - updated_U: [-12.21579931  20.61986235   7.95374197  14.68077846   5.23016402
   1.09613409  -3.54514352  -8.32177977   3.93034287  -0.02288392
  -4.42327509  10.33493404   5.59474671   6.34549058  -4.50947892
   5.32556074   1.03970448  -9.41588317  14.42188301   4.25735367
  -2.18264192   2.49415066  10.48137604  -0.74444574  -4.20847423
  -0.99067642  -1.64648927   2.20349562  -4.3471295   -2.7190903 ]
CRITICAL - action taken at iteration 20: -12.22 cost received: 1.00
INFO - updated_U: [ 22.11827453  10.64604721  15.44396292   4.88521931   0.52537662
  -2.89484536  -9.58266953   3.78830908   0.15119046  -6.87439435
   9.55637355   7.74983156   5.14224955  -2.88857709   5.55097863
   1.36557061 -11.68316964  14.67275882   2.50323632  -1.56609217
   3.04503011   8.98242325  -2.37989356  -5.17117915  -0.12036109
  -2.59017602   2.94614868  -6.37329087  -4.45187816   0.03606318]
CRITICAL - action taken at iteration 21: 22.12 cost received: 0.59
INFO - updated_U: [ 11.84395302  15.33057581   4.25359465  -4.58552828  -2.55294494
  -9.66091074   3.73983623   1.54023855  -3.9231455    9.63368718
  10.25735888   6.75237376  -4.89550319   9.76315748   3.6107784
 -12.32009614  16.17294361   1.21933314  -2.63945879   5.94521938
   8.58194376  -0.84915295  -4.10750842   1.59307965  -1.96026339
   3.0175645   -8.55638914  -0.38213093  -1.69100728   0.96467408]
CRITICAL - action taken at iteration 22: 11.84 cost received: 0.48
INFO - updated_U: [ 16.93845257   6.02991184  -7.59212425  -2.92507361 -14.30468841
   4.09206699   2.82717878  -4.34088971  12.74894586  11.57958354
   6.63440084  -2.99796987  11.53615433   5.47542976 -13.24685642
  17.52814179  -1.02722484  -1.73753133   5.00688321   9.97366418
  -2.36011556  -5.88438143  -0.97269155   1.3170671    4.08648803
  -8.08898896  -2.16255946  -1.3648714    2.05698289   1.82515628]
CRITICAL - action taken at iteration 23: 16.94 cost received: 0.40
INFO - updated_U: [  4.59283883  -6.72375788  -3.91623838 -15.02525316   5.79308383
   6.77286977  -6.03312352  14.68558523  10.53473649   4.64647614
  -6.01333363  10.241984     6.16175239 -11.6948888   14.86982011
  -1.22046844  -0.83835682   6.21233446  12.17295891  -2.40312075
 -10.43580404  -2.39062469  -1.37156603   4.5484726   -7.29348526
  -0.88789005  -1.70364359   2.24201965   0.2646437    0.37656539]
CRITICAL - action taken at iteration 24: 4.59 cost received: 0.34
INFO - updated_U: [ -9.96223724  -8.97950196 -14.26480771   5.41040375   6.94101671
  -7.59157453  13.77454533   7.10959398   3.96322237  -5.41107955
  12.91210291   3.52234406 -12.36551734  11.97222798  -4.58654933
  -1.91029987   7.38154235  10.92093801  -7.46084806 -14.84186641
  -4.00850732  -1.27145904   3.26018143  -1.73341672   3.00866605
  -2.97024004  -0.70226903  -5.50307502   0.04025681  -1.43424398]
CRITICAL - action taken at iteration 25: -9.96 cost received: 0.31
INFO - updated_U: [-11.07787154 -16.47811496   8.54647957   4.25456379 -10.31120142
  14.96520097   7.08063996   1.64395102  -5.15930403  11.38513652
   3.86843975  -9.79177299  12.88548765  -6.05532517  -2.18614468
   7.77648238  12.75641093  -8.27210888 -15.56102313  -6.71081105
  -4.15170446   1.32518113   0.56111754   3.76213711  -2.0410849
  -2.56229614  -5.72020768   0.30689622   0.17407309   4.62025329]
CRITICAL - action taken at iteration 26: -11.08 cost received: 0.16
INFO - updated_U: [-14.47035628  11.65927554   5.02048337 -11.01687229  15.78685572
   9.00862372  -4.28828422  -6.03679703  11.88129558   4.2414617
  -7.34886658  14.74032922  -4.76929895  -1.26109114   8.27640355
  13.15445421  -6.97042178 -18.13885169  -6.9121597   -4.16463802
   2.62976166   0.6786865    0.25638296  -3.14281513  -4.05045551
  -3.47132705  -1.61942584   5.8362452    6.65731182   4.2925632 ]
CRITICAL - action taken at iteration 27: -14.47 cost received: 0.07
INFO - updated_U: [ 13.47071052  11.90131321 -11.86404709  15.7990004    7.69743828
  -4.54496049  -7.75088374  13.66654172   5.45942234  -7.33261
  16.75950634  -5.47626579  -2.85895482   8.15732863  12.11825517
  -8.5570518  -14.04075002  -5.64640402  -4.90392042   0.93550466
  -1.04582194   0.32661614  -6.12500191  -5.50237965  -0.36538314
  -2.12074409   4.15641677   8.53792299   6.33648006   0.07791736]
CRITICAL - action taken at iteration 28: 13.47 cost received: 0.03
INFO - updated_U: [ 13.3716285  -14.59530941  18.32665148   9.36907935  -9.46503832
  -7.99584847  15.06906979   7.13829074  -8.99380631  17.6391957
  -5.60307994  -2.63750719   7.40549159  13.20779679  -6.36916114
 -14.20894786  -4.77938534  -6.25074678   3.9301088   -0.5969945
   3.37168212  -5.32779622  -4.67833674  -2.1948558   -1.52784643
   4.60798388  10.92405497   7.11350422  -0.34216633   1.86238977]
CRITICAL - action taken at iteration 29: 13.37 cost received: 0.04
INFO - updated_U: [-16.12426162  19.00972773   9.63084211 -11.180304   -10.03111331
  16.59311886   9.08274785 -11.69846263  17.95163165  -4.60884596
  -5.48191576   6.574073    13.41207461  -7.78275497 -14.32799725
  -2.98728499  -6.44591493   5.87484501   1.74856678   4.8835855
  -5.8716063   -3.5402839   -2.69350868  -2.15029236   6.10196729
  10.58943833   7.66988089   0.10037587   1.20677784   0.24547306]
CRITICAL - action taken at iteration 30: -16.12 cost received: 0.05
INFO - updated_U: [ 18.42635866  10.66637158 -13.06590507 -13.63273689  15.72012539
  11.10425133 -12.02499685  16.83244783  -8.91837747  -8.40653175
   7.26919095  13.46586744 -10.00312175 -15.0639198   -1.57111919
  -8.67536013   4.73403566   4.65098663   4.55098145  -4.1963126
  -2.52933025  -2.43985604  -3.0412752    6.73845555  11.66548137
  12.02853087  -0.99650071   0.53817257   1.21043224  -1.09437398]
CRITICAL - action taken at iteration 31: 18.43 cost received: 0.02
INFO - updated_U: [ 13.21111249 -14.9248579  -13.72747595  14.26562624  12.9464695
 -13.19020324  18.45515003 -11.75048167 -10.27485576   8.96581212
  12.42537777  -9.37601745 -16.2348749   -2.07750191  -8.86496026
   3.11255099   4.52948622   4.65572936  -4.45239888  -3.47724924
  -1.76614706  -2.22337283   6.54948099  10.40037423  10.3303424
   2.74073998   2.87679005   0.43724794   2.12861848  -1.11446477]
CRITICAL - action taken at iteration 32: 13.21 cost received: 0.03
INFO - updated_U: [-15.01797457 -14.87906277  14.39037502  13.5420775  -14.29018519
  18.42604387 -12.83637363 -12.4249677   10.31899227  12.1830326
 -10.1604842  -15.93916824  -1.08831914  -8.30690538   4.58494676
   6.26881172   4.10168262  -3.92474072  -4.26077154  -2.45928517
  -0.82763259   5.44569496   9.93674157   7.69422954   2.37918894
   3.88136579  -0.43873914   2.14122484  -1.6457245    0.76317858]
CRITICAL - action taken at iteration 33: -15.02 cost received: 0.04
INFO - updated_U: [-16.55234409  14.56183866  17.25740095 -14.92835465  17.43157323
 -13.35609731 -13.76994272  12.68012356  13.5055127  -10.20828199
 -15.66680036  -0.05638626  -8.46603314   4.52771335   6.45351019
   5.19639042  -4.43920834  -4.49211215  -4.06057534  -1.0355449
   4.83732186  10.45525494   5.96413521   3.12347401   4.26390752
  -0.65750053   1.55419613  -0.68358154  -0.1040063   -1.39123842]
CRITICAL - action taken at iteration 34: -16.55 cost received: 0.01
INFO - updated_U: [ 16.36367199  18.31414396 -15.19109631  16.97834215 -15.88992417
 -16.54029917  14.33765945  14.23213822  -9.75004702 -18.68236531
  -0.35829458  -6.41402567   5.1991236    6.53322139   6.50274734
  -5.09264221  -3.43083149  -5.40626054  -0.175559     6.4099596
  10.34638323   5.39975584   0.67530514   4.46044237  -1.03212538
   1.39166552   0.14134484   0.25704057   2.10037652   1.18544109]
CRITICAL - action taken at iteration 35: 16.36 cost received: 0.01
INFO - updated_U: [ 17.93863476 -15.25570323  17.1049302  -17.38241489 -17.43028961
  14.60151892  17.65064295 -12.37857245 -18.70536243   0.89104979
  -8.02501512   5.21492629   5.77935063   7.61821923  -3.91009419
  -4.06183305  -5.26640876   1.20725309   6.9389993   10.56077143
   3.53532416   0.07508128   2.73937875  -0.96462136  -0.87237722
   1.43910049   1.43044469   3.32666294   0.97001333  -0.86841858]
CRITICAL - action taken at iteration 36: 17.94 cost received: 0.01
INFO - updated_U: [-1.70754401e+01  1.80972877e+01 -1.66596856e+01 -1.82428237e+01
  1.62545250e+01  1.93543902e+01 -1.23288060e+01 -1.76777620e+01
  3.38551280e+00 -8.57356432e+00  5.20411940e+00  7.45632600e+00
  7.59641035e+00 -1.48505747e+00 -3.72219001e+00 -4.51369219e+00
  5.94967812e-02  5.36134157e+00  1.19937322e+01  3.51135010e+00
  1.29666022e-02  1.31377721e+00 -9.06470376e-01 -3.09358596e+00
  2.70924125e+00  1.37931699e+00  2.54981736e+00  5.79288303e-01
 -2.16421882e+00  2.47762988e+00]
CRITICAL - action taken at iteration 37: -17.08 cost received: 0.02
INFO - updated_U: [ 18.31114999 -16.71765416 -18.60302912  15.63412577  20.83165124
 -13.88853476 -17.70862456   5.67432271  -9.84780618   3.73413523
   5.83662586   7.74696863  -2.7352534   -5.22292271  -5.86231015
   1.67691611   2.60932178  13.17233152   4.31208314   1.20045856
   0.46136202  -3.58666198  -3.49640375   1.93342364   1.90782626
   2.52457954   0.61908961  -0.94462616   3.44073727   1.27194512]
CRITICAL - action taken at iteration 38: 18.31 cost received: 0.01
INFO - updated_U: [-15.73195005 -18.68538683  16.91421594  20.92717758 -12.75898415
 -18.51128987   9.24216422 -12.01977511   5.74134714   4.95654581
   8.97623672  -2.50026899  -7.5581578   -5.88032795   3.25184528
   2.14208984  14.02462328   5.40487293   1.17659704   0.64832477
  -3.5436701   -5.92945878   0.65063828  -0.94281243   1.94402857
  -1.44217986  -1.54387035   4.10914224  -0.61917464   0.61828059]
CRITICAL - action taken at iteration 39: -15.73 cost received: 0.02
INFO - updated_U: [-20.43075345  17.74229939  21.72556586 -15.35089401 -20.86069665
  10.37703388 -12.42423749   5.76523481   5.2795308    5.72287413
  -2.23493124  -5.59767581  -9.12518241   3.34891068   2.73184322
  12.52296271   3.60486668   2.45125027   1.85337972  -1.17971453
  -4.57750398  -1.04019718   0.43035481   2.10570295  -0.17597622
  -1.27610703   3.74228425  -0.59399545   0.56564812   3.46030229]
CRITICAL - action taken at iteration 40: -20.43 cost received: 0.00
INFO - updated_U: [ 19.26786506  22.13479003 -15.70490379 -23.93591691  12.59222614
 -14.24619978   6.62964127   5.6659393    4.36255166  -3.09889481
  -6.56485331  -9.7561757    4.59258344   2.43824223  12.31749814
   1.84964709   1.94722589   0.59658878  -1.07292592  -4.86012211
  -1.17385019  -1.27087134   2.55756026  -1.38489453  -0.0701909
   1.57714899  -0.8189312    1.2401635    4.74979016   1.5703887 ]
CRITICAL - action taken at iteration 41: 19.27 cost received: 0.01
INFO - updated_U: [ 23.08952825 -15.17876337 -23.85156718  15.75558458 -14.34857324
   7.10574131   6.50330778   3.53637383  -2.1237127   -7.32381813
  -8.48158522   3.98462191   0.82780381  11.0433468   -0.33456933
   2.9522883    1.46892513  -1.00775945  -5.59108128  -0.11498703
  -1.17686509   2.01061461  -1.909384    -2.10075784   2.0480669
  -0.89305012  -1.641573     3.91912018   3.11547031   2.69838995]
CRITICAL - action taken at iteration 42: 23.09 cost received: 0.00
INFO - updated_U: [-17.09870048 -21.92615393  14.44326304 -16.52724413   5.46766533
   6.00743966   6.06194373  -4.57596485  -5.30894312  -6.9360733
   4.88011371   1.3864478    9.73075552  -2.23766398   2.700183
   0.37859283  -2.61648342  -5.19487644   1.41678423  -4.25962354
   3.75377406  -1.98907639  -3.73480065   3.28634418  -2.77558448
  -3.02443151   3.47854682   4.58208721   1.52406695   3.42941926]
CRITICAL - action taken at iteration 43: -17.10 cost received: 0.02
INFO - updated_U: [-21.36984482  18.51437757 -16.04660511   5.93209305   5.21576278
   9.36894738  -3.47955002  -8.27439358  -8.2086712    5.17204715
   0.53363422   8.59654733  -3.79269329   2.56728306  -2.03695165
  -3.07301922  -4.72416701  -1.06734366  -3.89707498   4.16667322
  -4.8372789   -5.65869357   2.31619616  -1.77777396   1.29992669
   5.99287881   8.71759131   1.03311272   4.91314256  -1.07608242]
CRITICAL - action taken at iteration 44: -21.37 cost received: 0.00
INFO - updated_U: [ 17.65860114 -16.76562226   6.92197683   5.62323908  12.33431505
  -2.42986971  -6.65319126  -7.77104423   0.60370326   2.98128149
   7.82961555  -5.58835905   4.0413726   -1.04819093  -4.1956477
  -2.1676034   -3.77688558  -2.39156081   5.1881978   -6.00863157
  -5.78673022   2.25875271  -0.92708942   0.97582929   3.04355993
   6.66026594  -0.66392242   4.70286141  -1.2801669    0.23807367]
CRITICAL - action taken at iteration 45: 17.66 cost received: 0.01
INFO - updated_U: [-15.2090864    6.26487343   8.00521618  16.74963018  -2.02731729
 -12.57593696  -9.41550604   0.84602383   2.1404043    8.40418913
  -7.0722413    4.69440079  -0.60574003  -3.03634479  -1.70441056
  -4.23265868  -3.03466202   7.02600138  -3.37365756  -4.46291141
   3.91658698  -3.50318664  -1.80350596  -1.33771384   7.09016505
  -0.79612611   5.62040174  -1.71856286   1.05522097   2.18683697]
CRITICAL - action taken at iteration 46: -15.21 cost received: 0.00
INFO - updated_U: [  9.03234449  10.00035161  19.07045865  -2.502895   -13.09969907
 -12.68297746   3.53951037   0.33767634   7.43213844  -8.97242075
   0.69256504   1.77824364  -3.34208355   0.53867533  -4.59580115
  -3.89061442   7.35591442  -1.5671829   -5.49107355   4.73087177
  -2.16763096   0.52755362  -1.10466654   7.53753444  -2.39703779
   4.98104302  -0.37622655   3.89008862  -0.27317906   2.52456934]
CRITICAL - action taken at iteration 47: 9.03 cost received: 0.01
INFO - updated_U: [  6.86798535  25.10301151  -6.8224026  -13.11715418 -19.38970859
   7.13873563  -1.60282295   8.79054887  -8.98244613  -4.38697237
  -2.22424353  -3.30892072   1.68609135  -3.46007741  -2.4255729
   8.32964155  -3.16415791  -2.06113049   3.00953234  -5.53869335
   0.89560796  -5.10609099  10.17837291   0.67634352   3.16650574
   1.18447001   2.86524682  -2.51443614   4.32501962   2.6071816 ]
CRITICAL - action taken at iteration 48: 6.87 cost received: 0.00
INFO - updated_U: [ 25.79728058 -10.91138578 -13.62735033 -21.81285417   5.53208288
  -4.10047059   7.66569688 -10.95823777  -5.55835797  -1.96684968
  -5.21536069  -0.41816849  -4.66673242  -3.26739996   7.06833146
  -2.65036776  -3.55890572   3.65311848  -5.47347027   0.92954163
  -4.91512699   6.85749283   3.55910734   1.0500915    3.21115149
   2.10901573  -2.49795559   4.8660886    0.86289244  -3.6096342 ]
CRITICAL - action taken at iteration 49: 25.80 cost received: 0.02
INFO - updated_U: [-13.4689388  -16.0631895  -18.89909629   6.74800083  -6.24581357
   7.87991398 -15.69220391  -3.9690367   -3.25711381  -3.98747615
   0.4757555   -4.39477784  -2.37180088   5.92322291  -0.9197244
  -4.57369846   3.64237209  -6.35556004   1.69475343  -3.09609962
   6.59649337   4.99858864   0.92826228   2.92473943   1.83832462
  -2.35181133   6.9742379    1.82917535  -2.29826945   1.63066112]
CRITICAL - action taken at iteration 50: -13.47 cost received: 0.05
INFO - updated_U: [-18.14298614 -18.74130052   8.11603765  -6.15733963   9.90698629
 -17.66749427  -3.60347763  -1.31261658  -4.29069728   2.40283011
  -7.36938364  -0.73664574   6.73649639  -1.62859896  -7.25507365
   1.7619452   -8.51617153   2.3113314   -2.59360126   6.55714702
   4.5489438   -1.69409329   4.44383941   0.98832364  -1.26577954
   4.22351736   2.80046887  -0.76615878   5.00640912   1.93493707]
CRITICAL - action taken at iteration 51: -18.14 cost received: 0.02
INFO - updated_U: [-17.72073967  10.51771871  -6.81518228  11.94567406 -15.72994033
  -4.180836    -4.20246156  -4.02677749   3.49365347  -7.55957364
  -3.36136581   6.8490073   -4.94851064  -6.01250065   2.20177598
  -9.70881085   3.73882982  -2.42772901   4.55304491   4.38051742
  -2.86562203   6.6056235    1.7702702   -1.1311953    3.77438842
   2.92254762  -2.89278837   3.12557358  -2.04962687   3.12952515]
CRITICAL - action taken at iteration 52: -17.72 cost received: 0.01
INFO - updated_U: [ 10.13419513  -9.69339145  13.67883357 -17.25921459  -3.78465869
  -4.70162994  -3.39451839   3.73867437  -6.74780466   1.0670959
   7.47634991  -3.5607801   -7.03685099   3.58929128 -10.90781879
   4.29071836  -2.07327408   8.79253197   4.36896099  -4.31131019
   3.55405426  -0.35823906  -5.83116371   4.27543588   3.39676686
  -3.52757367   1.60163821  -1.56879524   3.88864812   2.18347398]
CRITICAL - action taken at iteration 53: 10.13 cost received: 0.01
INFO - updated_U: [-12.57418877  15.43641198 -19.27172981  -5.72702803  -6.27841128
  -4.14584986   3.82206207  -6.1262929    7.03008777   9.69155108
  -5.34541367  -8.60166385  -1.1530984  -14.14756192   4.88138258
  -5.78452234   8.05958452   7.4141867   -2.5516709    3.65561378
  -0.5275232   -5.13239865   4.28338515   2.52310613  -5.02855896
  -0.2775666    0.96097469   0.81188899   1.50566884  -0.1491211 ]
CRITICAL - action taken at iteration 54: -12.57 cost received: 0.01
INFO - updated_U: [ 15.53341627 -22.52484316  -7.37187111  -7.95244527  -2.7481798
   4.61112475  -3.97004919   6.66082003   8.40308186  -3.11369839
 -10.03998681  -3.82680853 -13.18894555   4.80919624  -3.7051872
   9.74636072   8.72559432  -1.12499568   5.16764997   1.33244325
  -5.97180135   5.76128153   2.0458155   -4.54694288  -0.17244047
   3.87644839   0.68231944   1.37747214  -1.47043552  -0.41104506]
CRITICAL - action taken at iteration 55: 15.53 cost received: 0.01
INFO - updated_U: [-22.40914646  -8.09225984  -6.68027217  -2.33418799   5.49676247
  -5.49785848   8.31094283   6.89039064  -2.72023208 -11.51721523
  -4.50636391  -8.17745911   4.47921292  -2.36234353   8.5694601
  10.19490628  -0.86430351   9.39429685  -0.2507709   -3.90446792
   6.19384006   2.62264821  -3.14706923  -4.40333157   3.07670387
   1.8096131    0.42524498  -3.72910938  -3.5001458   -0.04202691]
CRITICAL - action taken at iteration 56: -22.41 cost received: 0.02
INFO - updated_U: [ -8.92369283  -7.59948209  -2.78348959   2.60264643  -4.22282736
   8.74541955   9.26465718  -5.63571772 -11.46912545  -6.6450986
 -10.5574894    1.84251174  -4.00295769   7.65283974   8.97258447
  -3.27005813   9.0008997    2.80132686  -3.20996968   5.7663735
   1.32856121  -1.79296313  -6.56486285   4.7067468    2.46239657
   0.74339345  -5.07131999  -3.55306197   3.44079007  -1.67167251]
CRITICAL - action taken at iteration 57: -8.92 cost received: 0.01
INFO - updated_U: [ -5.50472356  -6.85762239   4.93543486  -1.37258212  12.76848999
  13.49380737  -4.96023608 -10.32711643  -3.6723417   -9.98613139
  -2.91283898  -2.88585521   6.46917166   8.23003048  -5.73546631
   9.12062086   3.09219777  -1.95287533   5.23304758   0.32123953
   0.02517696  -5.1522215    5.87670596   4.97674481   1.44497334
  -3.67831121  -5.42625179   2.06911417  -0.86591912  -0.53325544]
CRITICAL - action taken at iteration 58: -5.50 cost received: 0.01
INFO - updated_U: [-3.06891107  6.48110707 -1.72190923 14.39069765 12.30052215 -6.50432732
 -8.27039211 -6.60760805 -9.43081791 -5.31902003 -2.20891743  6.61640347
  9.28221318 -4.98152384 12.36591861  2.53160338 -6.95431434  5.858526
  1.78056303  0.582668   -4.21747588  1.4361502   6.3340818  -0.83462381
 -3.60052264 -9.18258184  2.99062884 -2.51196931 -3.66049491 -2.85412869]
CRITICAL - action taken at iteration 59: -3.07 cost received: 0.03
INFO - updated_U: [ 11.77215253   8.61273313  15.76135032  16.66552037  -4.90463468
  -9.56473447  -4.54823143  -7.88415093  -4.42811103  -3.69756232
   8.77845249   8.65445533  -4.76157309  17.13976738   4.11845735
  -4.48421006   7.53339837   6.81563751  -1.58724858  -3.72779236
  -1.72217989   8.61977194   2.70377187  -5.89670136 -12.31165549
   4.65791766  -7.11482818  -3.36917138  -0.93425945  -0.18251831]
CRITICAL - action taken at iteration 60: 11.77 cost received: 0.06
INFO - updated_U: [ 11.06949839  15.87034617  17.29920343  -8.29068216  -8.13495894
  -5.06221463  -9.74250448  -5.81805487  -2.15359903   7.91954365
   7.97713724  -7.74263388  16.3586397    1.3823444   -1.78759833
   6.25038004   8.31554927  -0.90587347  -3.44547832  -3.18681907
  11.11406604   1.70080647  -8.17781026 -10.01983906   5.1734128
  -9.56967413  -3.21527367   0.06030277  -1.19285963  -0.30126375]
CRITICAL - action taken at iteration 61: 11.07 cost received: 0.02
INFO - updated_U: [ 17.41434026  20.3154904   -9.48702094 -10.4447962   -5.32126183
  -9.08657405  -5.09852835  -2.27577026   8.73830699   6.24779851
  -8.75163162  13.70034294   0.14647099  -1.28307157   4.27882432
   9.94447207  -0.51208715  -3.77549129  -1.02768425  10.53796113
   0.22313274 -10.86320412 -10.54383286   6.09529615  -8.8649196
  -2.60996855   1.19634302   2.14789716   0.22613213  -0.43122517]
CRITICAL - action taken at iteration 62: 17.41 cost received: 0.01
INFO - updated_U: [ 24.13119506  -7.83290248 -10.60676369  -3.38264577  -8.88707951
  -4.00158494  -3.28328603  11.63019866   9.04659586  -8.67568649
  10.85435857  -1.34633834  -0.51417629   6.61330966   9.9289275
  -1.075464    -4.46511601   0.69340856   9.07442231   2.18861565
  -9.59129861  -9.92476588   5.85003229  -5.9438374   -2.42704532
   4.39658     -0.61267027  -0.75505884  -2.16373357   1.84146933]
CRITICAL - action taken at iteration 63: 24.13 cost received: 0.01
INFO - updated_U: [ -7.40884732 -10.12989479  -3.60279635  -8.93171236  -1.76957095
  -6.0949885   12.0005566    7.5882227  -10.65869769  11.7544871
  -5.48036561  -2.63304385   3.54275263  13.22600544   1.07397845
  -0.13886592  -0.5946002    9.48057564   3.21396208 -12.94065537
  -9.16765031   7.40202721  -4.71224438  -0.4394235    5.77313465
   0.40704254  -4.24906743  -5.3638291    1.94352618   1.03109513]
CRITICAL - action taken at iteration 64: -7.41 cost received: 0.02
INFO - updated_U: [-11.58212044   0.22596894  -9.37037652  -0.79485249  -5.28029637
  12.67710938   7.07092788  -9.92000188   9.86847954  -4.76574301
  -1.6458966    2.30049156   9.34104953   1.04022109  -2.24304839
   0.60531481  11.46492603   5.54365987 -12.52475609  -7.46416223
   6.28329907  -4.94876594  -0.76548242   3.13494036   0.5203572
  -1.81902026  -5.89802259   1.59162035  -0.13719867   2.70961839]
CRITICAL - action taken at iteration 65: -11.58 cost received: 0.01
INFO - updated_U: [ 9.94075681e-01 -9.05898737e+00 -1.44260784e-03  3.32926995e-01
  1.07595863e+01  1.16969928e+01 -7.54133063e+00  9.17767486e+00
 -1.69413872e+00 -1.02226029e+00 -5.92982173e-02  1.01659184e+01
 -1.95218212e-01 -3.24032106e+00 -3.78721674e+00  1.16498141e+01
  1.02845894e+01 -1.27420820e+01 -7.12957309e+00  8.17597488e+00
 -6.99609138e+00  1.62580922e+00  4.92781040e+00  3.40345284e+00
 -1.79250195e+00 -5.88036179e+00  2.42304455e+00  7.08648764e-01
 -1.89753210e+00 -1.49789311e+00]
CRITICAL - action taken at iteration 66: 0.99 cost received: 0.00
INFO - updated_U: [-10.67918663   0.4360115   -2.12080235   7.03401527  11.78339992
  -7.25435083  10.87518287  -1.0670064   -0.08413977  -2.75723229
   6.16367351  -0.85064941  -2.76639494  -5.49926278  10.08305393
   9.49688453 -12.51146231  -6.41873906  10.19821572  -6.42791593
   0.53133451   5.4558343    5.47873198  -3.2522252   -4.67408506
   3.32297044   0.77330395  -4.30958714   0.6849627    1.03026195]
CRITICAL - action taken at iteration 67: -10.68 cost received: 0.00
INFO - updated_U: [  1.21956941   0.49347026   8.30872368  12.31930564 -10.32256255
  11.94650789  -2.86546226   0.19101966  -1.52178636   4.07249849
   0.17563189  -2.85609836  -5.48112307   8.11368283   9.60911996
 -12.21363379  -7.54087125  10.74719312  -4.18357682   3.18821883
   5.1635024    4.60854187  -0.39424942  -6.46117806   6.93640351
  -0.14883885  -5.51901855   0.60798701  -2.70843405   2.10908334]
CRITICAL - action taken at iteration 68: 1.22 cost received: 0.01
INFO - updated_U: [-1.07974256e+00  7.94617191e+00  1.40505926e+01 -1.30625262e+01
  1.09529262e+01 -4.26149295e+00  1.16515795e-02 -3.49567995e+00
  4.11763209e+00  9.10940039e-01 -5.55542728e+00 -6.79514049e+00
  9.22447582e+00  8.54464058e+00 -1.35305870e+01 -8.27354765e+00
  1.04635516e+01 -4.81234801e+00  1.54357613e+00  6.75365010e+00
  4.34202369e+00 -2.53819892e+00 -9.92164694e+00  7.20773721e+00
  1.74634832e+00 -7.72576951e+00 -4.93375170e-01 -1.89651703e+00
  2.11128059e+00 -1.30796622e+00]
CRITICAL - action taken at iteration 69: -1.08 cost received: 0.00
INFO - updated_U: [ 10.7058261   14.91859149 -13.31875123  10.81555593  -5.48492458
   1.53294506  -3.84987261   4.41337135  -2.8181574   -7.55862703
  -6.32654784  11.50902294   8.04765415 -12.75279346  -8.95055743
  11.61905805  -5.66658837   2.38192922   7.56853735   4.13304475
  -1.38126301  -9.64040085  10.67445759   0.17788223  -7.73306937
   0.44092268  -3.25048116   4.46726649  -0.336082    -1.32114052]
CRITICAL - action taken at iteration 70: 10.71 cost received: 0.01
INFO - updated_U: [ 14.0784179  -17.17153259  13.52673722  -9.02025496   4.69635795
  -4.43476828   3.57214836  -5.64705893  -7.34956008 -10.2854603
  11.21262262   6.1736357  -12.30745673 -10.39753897  13.50026387
  -6.5132396   -0.32935488   9.71655564   3.37697822  -1.72889718
  -9.7972153   10.8439174    1.99759223  -9.58767556   1.08660301
  -4.70882433   5.28629617  -2.44505728  -2.523974     1.24669285]
CRITICAL - action taken at iteration 71: 14.08 cost received: 0.00
INFO - updated_U: [-18.29824789  15.50484697  -9.76967287   8.32960834  -4.97521112
   3.26376109  -5.5275666   -8.8157287   -7.82234032   7.7271694
   3.75082878 -11.51420214 -10.04441649  10.73654951  -7.52318873
  -1.7470948    8.60616176   3.57124768  -4.45089019 -10.13477445
  11.87841237   4.42464818 -10.89182008   2.69450403  -3.53840767
   6.26570901  -2.33048008  -2.8722432   -0.07939227  -1.48077379]
CRITICAL - action taken at iteration 72: -18.30 cost received: 0.01
INFO - updated_U: [ 17.76618087 -10.41198151  10.03806752  -5.19216435   3.69510462
  -6.70034005 -10.14341715  -7.46071914   8.34309031   3.02103734
 -12.54734446 -10.5469842   11.13745644  -8.86229551  -1.47005248
   8.58204778   4.38623832  -3.56358051 -10.9543518   14.42775423
   5.36178122  -9.87749723   5.34970719  -4.82719592   7.6145065
  -4.16312765  -4.53000441   2.85293928  -1.7205085    1.26074605]
CRITICAL - action taken at iteration 73: 17.77 cost received: 0.00
INFO - updated_U: [-11.15162772  11.50303459  -7.55694333   5.78495395  -8.15022011
 -11.41138661  -8.78780829   9.03151045   7.18040103 -10.86371169
 -13.05665554  14.12749152  -9.84976008  -1.61529387   9.24740433
   3.61184624  -2.0622785   -8.08023989  14.2015056    8.24625575
  -8.95921595   6.10938048  -5.67510342  10.73834739  -2.75353268
  -1.76603246   2.63679493  -1.10013055   1.38321534   0.5180459 ]
CRITICAL - action taken at iteration 74: -11.15 cost received: 0.01
INFO - updated_U: [ 12.63082261  -7.06539295   6.79802704 -10.81223505 -11.33725134
  -8.06120845   7.45592877  10.93029796 -10.95949886 -14.21496828
  12.90773931  -9.88538283  -2.62821408  11.01572077   4.13610447
  -1.84589745 -10.02929641  14.751594     8.73044951  -8.57322246
   6.02377357  -6.21231944   8.11211084  -2.51093247   0.64571754
   4.14491462  -3.87681472   1.8274606    1.47523808   2.10160406]
CRITICAL - action taken at iteration 75: 12.63 cost received: 0.00
INFO - updated_U: [-10.64294707   5.86858705  -9.02153666  -9.00134089  -8.68931448
   8.97542736  13.08305473 -11.44716978 -16.60319944  16.04485691
  -9.59290299  -2.33536529  12.35265904   6.5375282   -1.85288517
 -14.6342897   15.55984471   8.08182773  -8.64869753   3.69074531
  -8.41716293   9.72084471  -0.12112833  -0.21810322   8.76373604
  -4.22461451   1.1281245   -0.85061886   1.40595042   2.41336432]
CRITICAL - action taken at iteration 76: -10.64 cost received: 0.01
INFO - updated_U: [  7.5877564  -11.85669772  -9.99613644  -7.93291268   7.94228845
  12.81683101 -10.64477488 -15.02536876  19.62969757  -9.51499493
  -1.57517886  13.81915544   6.64623657  -2.41686704 -13.91983758
  16.61917876   7.07049491  -5.10028115   2.12843276  -7.70061533
  12.09535165  -2.07093045   0.31478931   7.8239231   -6.81741025
  -0.54152162  -4.36893622   3.04407315   3.0258924   -1.65890338]
CRITICAL - action taken at iteration 77: 7.59 cost received: 0.00
INFO - updated_U: [-12.30012059 -12.50961525 -12.02200923  10.53268932   9.86935471
 -11.11132858 -13.51282535  21.30333379 -11.03339321  -1.5616959
  16.42102695   8.31514818  -0.56891902 -14.37451499  15.36107977
   6.7720462   -4.329187     3.17933993  -9.93731571  10.93466494
  -3.30198001   0.99710369   8.1316857   -4.07620688  -3.56598644
  -5.46271942   2.12068525   2.29769395   0.70014853  -1.88288975]
CRITICAL - action taken at iteration 78: -12.30 cost received: 0.02
INFO - updated_U: [-13.3446615  -13.20974105  11.6572058   11.09000836 -13.42260475
 -13.62556249  22.42840235  -8.51073928   4.08021686  16.44426851
   6.3186239   -1.98980074 -11.88273566  14.7672432   11.73972263
  -5.02381074   3.04954498  -9.75106564   9.07989467  -1.41090504
   2.06779619   5.69976904  -4.44796476  -2.52970681  -5.23434857
   2.45444568   2.86869043   2.09486511  -0.8037735    3.06922018]
CRITICAL - action taken at iteration 79: -13.34 cost received: 0.01
INFO - updated_U: [-15.89071332  14.29324752  12.40705963 -15.30564693 -12.70136755
  22.72663456  -7.36177059   7.47497508  18.20084932   9.82211558
  -1.86237659 -12.12074108  12.01783155  13.2680606   -4.54022083
   3.19027639  -8.46626664   9.8325868   -0.83651193   5.30466673
   4.53659385  -3.37387965  -3.63924819  -4.67367381   4.36205951
   2.17631196   0.99997095  -0.11529275   1.50131616  -1.35846134]
CRITICAL - action taken at iteration 80: -15.89 cost received: 0.01
INFO - updated_U: [ 15.94581237  13.4101243  -16.80083063 -15.57176803  21.91359853
  -7.06066885   7.91257781  22.91105857  10.07015499  -5.05554438
 -11.34434617  10.18916159  13.35840988  -4.54245852   2.17003
  -7.19563675   6.03729179  -1.08505023   4.89126795   3.11841947
  -4.40238525  -4.35052145  -4.26695758   0.71813233   2.4913317
   2.27617264  -1.62038428   2.54632342  -1.77568738   1.56021616]
CRITICAL - action taken at iteration 81: 15.95 cost received: 0.03
INFO - updated_U: [ 15.3708201  -17.31014891 -14.93716249  22.64787339  -6.83335824
   8.66002765  21.55912307  10.37255191  -3.61719362 -10.28053408
   8.48223822  11.76906222  -2.8393447    3.62139716  -6.86208768
   3.92814345   2.54561015   7.37545398   3.58055925  -6.00763283
  -5.70870561  -4.13939684  -3.70835647   4.47298634   2.42038974
   1.23404235   2.01776556  -3.33254825   0.98984879   0.33606114]
CRITICAL - action taken at iteration 82: 15.37 cost received: 0.01
INFO - updated_U: [-21.94815136 -15.94870932  22.95183762  -8.3570507   11.03207541
  24.47640036  13.5063246   -2.06382209 -11.93665399  10.51817795
  12.87436353  -2.54801009   5.36984792  -6.42280709   4.13408663
   2.46491068   5.97554828   3.46322231  -5.94801205  -6.9162574
  -1.2500972   -4.41479751   2.94550771   1.49621536   0.9321408
   0.5503555   -4.06543737   2.04148484   0.89560209   0.66546984]
CRITICAL - action taken at iteration 83: -21.95 cost received: 0.01
INFO - updated_U: [-18.03024095  22.33008047 -10.27267098  11.66079058  25.39462563
  13.65712922  -2.89183547 -12.08929802  12.56155039  13.50687054
  -0.90007439   5.05935594  -7.59804877   3.95754973   2.99810438
   6.52132493   5.78870018  -4.21158275  -8.22626352  -1.77804616
  -3.58072313   3.35068316   2.58207638  -1.10793597   0.03251801
  -0.18070153   1.15035982   1.22504808   0.72716883  -4.16706953]
CRITICAL - action taken at iteration 84: -18.03 cost received: 0.01
INFO - updated_U: [ 20.66792462 -10.79359246  13.04730868  25.5686497   13.86228383
  -3.45080798 -10.92064205  13.1632209   12.7449444   -0.85247514
   4.50048616  -8.23318605   4.16100642   2.46154676   6.6245343
   7.23301008  -6.89902996  -9.72965458  -3.22428081  -1.00233057
   3.94415343   1.74873999  -3.7480647   -0.19899459   1.1498574
   0.34264304   0.36092937   3.31931125  -4.27886339   1.90460791]
CRITICAL - action taken at iteration 85: 20.67 cost received: 0.03
INFO - updated_U: [-1.09209719e+01  1.15589292e+01  2.50005619e+01  1.33491104e+01
 -3.44412580e+00 -1.04964109e+01  1.27959934e+01  1.18111582e+01
  1.34720279e+00  4.17754283e+00 -7.14783842e+00  5.21421074e+00
  2.35444050e+00  5.78248227e+00  7.26696997e+00 -4.29177938e+00
 -9.54054891e+00 -8.31821969e-01 -2.80038989e+00  4.89292243e+00
  1.01459942e+00 -4.01073783e+00 -5.59923902e-01  1.45335875e+00
 -1.79357858e-02  1.03480567e+00  1.70668374e+00 -6.01874647e+00
  2.27210282e+00 -3.13496105e+00]
CRITICAL - action taken at iteration 86: -10.92 cost received: 0.01
INFO - updated_U: [ 1.56283546e+01  2.27387973e+01  1.42223622e+01 -4.69375429e+00
 -1.21164783e+01  1.25081160e+01  1.53516582e+01  2.97203319e+00
  6.33896213e+00 -9.17917435e+00  7.47988863e+00  1.87472852e+00
  7.48896783e+00  8.62936757e+00 -5.42669774e+00 -1.16282841e+01
  8.32014509e-01 -5.54331072e-01  4.09116911e+00  9.57911048e-01
 -2.39068550e+00 -2.36273524e+00  2.00923504e+00 -2.06189089e-02
  9.42383176e-01 -7.58784730e-01 -7.05667839e+00  2.17854803e+00
 -1.73083604e+00 -3.36139279e-01]
CRITICAL - action taken at iteration 87: 15.63 cost received: 0.04
INFO - updated_U: [ 25.02223525  15.0459295   -7.63888207 -12.16504611  12.98007576
  15.34435909   7.28717301   8.22317659  -8.81428647   5.37714995
   0.46542616   4.42440196   9.93711676  -4.90221011 -12.53210766
   1.83429436   2.06129837   6.73508328   4.18413267  -0.26571351
  -3.17524218  -0.27151429  -1.42549377   0.40307271   0.55184167
  -2.47857695   2.43977355   0.89889427  -2.13815547  -1.31008984]
CRITICAL - action taken at iteration 88: 25.02 cost received: 0.02
INFO - updated_U: [ 16.59959606 -11.17277034 -12.46300499  15.34037615  15.20086639
  12.63965184  10.07716467 -10.52896392   3.66583921   0.73283625
   5.9505406   11.77282869  -4.2202986  -12.29775825   1.35124224
   1.83738626   8.88070734   7.26882094  -1.4816742   -7.84946745
   1.40177276   0.71099611   0.39946994   1.48894525  -1.10088961
   3.77399918   1.81564459  -3.49082995  -3.39368799   1.57828482]
CRITICAL - action taken at iteration 89: 16.60 cost received: 0.01
INFO - updated_U: [-14.49935902 -16.35546229  16.90500613  17.42778873  15.67388202
  11.20762196  -9.99304996   3.23383737  -1.77266403   7.47559254
  11.95614402  -4.41814691 -12.38092307   1.54712384   4.43682186
  10.51786417   8.35122418  -2.21545997  -9.96686696   1.69819148
   2.69128259  -2.84820331  -0.80588951  -1.09902474   6.02990705
   2.69461587  -4.95379893  -3.94022965   0.6974534    0.98805962]
CRITICAL - action taken at iteration 90: -14.50 cost received: 0.01
INFO - updated_U: [-16.15924879  17.85812259  19.74577124  16.25953794  11.62637287
 -11.34739958   6.7309768   -2.86866502   8.93642072  10.83612611
  -2.05933981 -14.82075656   2.82889883   6.17361696   8.94696681
  10.47683198  -3.77630423 -10.49353979   1.76759388   2.61512754
  -4.33428966  -0.25904894  -2.33785759   3.22041808   5.89216455
  -4.48789306  -5.90126446   1.68216559   0.76972505   0.74944469]
CRITICAL - action taken at iteration 91: -16.16 cost received: 0.01
INFO - updated_U: [ 20.17694961  20.18286855  17.6882662   12.19609028 -12.64225385
   6.59062327  -3.15097709   6.92266278  11.77836929  -3.53522303
 -13.84551376   5.12542055   4.10850417   9.81051013   8.23490369
  -1.54095663 -10.95991204   2.73506655   3.70515419  -4.8938932
   0.58638216  -2.18186447   2.21434872   5.94490462  -5.24360268
  -6.347084     3.72416664   1.29952936  -1.64480645  -0.33658807]
CRITICAL - action taken at iteration 92: 20.18 cost received: 0.04
INFO - updated_U: [ 22.43573728  17.63451514  13.86905267 -16.4751167   10.71994768
  -6.50880824   6.55140484  11.97327765  -5.96753917 -12.91180255
   4.17681595   4.78369216  10.83576925  10.07460803  -2.45545463
 -10.0702042    2.63164515   6.95218721  -3.26785381   1.15540631
  -2.28179218   2.73104427   6.83991249  -6.10913826  -6.53457727
   5.09289757  -0.7615816    0.14085442  -4.46206389  -0.68352433]
CRITICAL - action taken at iteration 93: 22.44 cost received: 0.02
INFO - updated_U: [ 16.95813596  15.69882003 -14.19709554  11.41314985  -8.43002183
   7.69430694  14.39757253  -8.10773505 -15.0588021    4.88733192
   6.98612625   8.82389239  10.57005465  -3.4234892   -8.72319999
   1.40131169   7.11409211  -0.74825747  -0.55524836  -3.2401618
   1.47125973   7.72183557  -6.42698934  -6.69050535   5.40127527
  -2.54669519   3.98412395  -6.23061087  -0.40455826  -0.4261187 ]
CRITICAL - action taken at iteration 94: 16.96 cost received: 0.02
INFO - updated_U: [ 14.62670228 -16.47150131  14.59541535  -8.71949556  10.51207385
  15.95203203  -6.84965886 -15.23707736   7.13760742   8.1010069
   8.46062208  11.38671802  -3.65676465  -6.90398758   2.80023993
   7.62342561  -1.95160378   0.87713899  -1.80212706   2.31493845
   8.71287586  -7.46370907  -7.04510646   4.40635968  -0.90842858
   4.76235254  -5.39316219  -0.40875936  -0.22352319   0.17415075]
CRITICAL - action taken at iteration 95: 14.63 cost received: 0.02
INFO - updated_U: [-17.65939252  16.26046135 -10.85739838  11.02371832  17.80663942
  -7.91156809 -17.02181436   7.91557245   9.07240611   7.29985312
  11.01581339  -5.41725368  -7.3259886    1.02575774   5.39048408
  -3.78350824   1.32211213  -3.73858477   3.53500988  10.63657368
  -6.43047995  -7.3391962    5.77178383  -1.27305908   4.58065883
  -4.23879531  -2.1576019    0.31140635  -0.37944116   1.24485763]
CRITICAL - action taken at iteration 96: -17.66 cost received: 0.03
INFO - updated_U: [ 19.08564976 -11.8968227   12.67695546  18.61293019  -9.70983662
 -17.23482554  11.26013742  10.65173284   5.37068519  10.33501206
  -7.39401028  -8.1639148    1.45420083   6.7488636   -4.16914883
  -1.96071048  -2.77550207   1.50462357   9.08414243  -5.31602773
  -5.87393711   5.77541329  -3.59469518   4.09295881  -4.02512516
  -0.18320424  -1.73169688   1.08050471   1.70676663   1.14890168]
CRITICAL - action taken at iteration 97: 19.09 cost received: 0.01
INFO - updated_U: [-13.49149917  15.04172836  20.307122   -10.11701226 -19.55242874
  11.0484767   12.92122498   4.44688158  12.1922203   -7.40429599
  -7.87309854   1.43394285   6.15358259  -4.03191259  -2.9519633
  -1.96730749   0.15602399   8.16199353  -4.19981642  -4.32134349
   8.337419    -6.29246649   2.879086    -7.34621451  -0.90311035
  -0.71396952   2.02883598   0.85429178   2.3220468    0.45234118]
CRITICAL - action taken at iteration 98: -13.49 cost received: 0.02
INFO - updated_U: [ 15.91338885  21.33343249 -12.41939557 -21.74179663  13.71872293
  14.75883986   8.09316088  11.52042264  -8.72201489  -8.56187118
  -0.33714212   6.84978089  -3.71485038  -0.8984154   -2.52230991
  -2.03291582   9.08928984  -4.52274638  -3.47169504   8.09924393
  -4.91772208   1.64138933  -7.86281616  -0.60746082   0.51646326
   3.90467955   0.82160943   1.50760311   2.68669749  -0.26607936]
CRITICAL - action taken at iteration 99: 15.91 cost received: 0.01
