CRITICAL - meta_parameters for pendulum mppi solver: {'N_Samples': 1000, 'TIMESTEPS': 30, 'lambda': 1, 'noise_mean': 0, 'noise_sde': 10, 'N_ITERATION': 100, 'initial_U': array([-1.09956377, -1.50319235,  1.06601927, -1.47415138,  1.51996371,
       -0.76528129, -0.7501688 , -0.82376342, -1.91091789,  1.62291378,
        0.03566744, -1.29594518, -0.56011498, -0.90507999, -1.08548233,
        1.66904648,  1.25810682, -0.57066259,  0.12634978, -0.68417869,
       -1.27546222,  0.68641514, -1.08456599, -1.01278511, -0.00250518,
       -0.0977771 ,  0.24107483, -1.6829211 ,  0.68789258,  0.90411543])}
CRITICAL - action taken at iteration 0: 4.41 cost received: 2.21
CRITICAL - action taken at iteration 1: 8.22 cost received: 2.46
CRITICAL - action taken at iteration 2: 13.16 cost received: 3.10
CRITICAL - action taken at iteration 3: 9.62 cost received: 4.17
CRITICAL - action taken at iteration 4: 14.72 cost received: 5.70
CRITICAL - action taken at iteration 5: 14.57 cost received: 7.69
CRITICAL - action taken at iteration 6: 16.79 cost received: 10.11
CRITICAL - action taken at iteration 7: 17.24 cost received: 12.84
CRITICAL - action taken at iteration 8: 8.66 cost received: 14.39
CRITICAL - action taken at iteration 9: 9.59 cost received: 12.60
CRITICAL - action taken at iteration 10: 3.51 cost received: 10.71
CRITICAL - action taken at iteration 11: -12.12 cost received: 8.82
CRITICAL - action taken at iteration 12: -4.12 cost received: 6.41
CRITICAL - action taken at iteration 13: -11.68 cost received: 4.47
CRITICAL - action taken at iteration 14: 13.74 cost received: 3.02
CRITICAL - action taken at iteration 15: -9.93 cost received: 2.32
CRITICAL - action taken at iteration 16: 16.62 cost received: 1.48
CRITICAL - action taken at iteration 17: 1.96 cost received: 1.15
CRITICAL - action taken at iteration 18: 18.32 cost received: 0.89
CRITICAL - action taken at iteration 19: -8.84 cost received: 0.71
CRITICAL - action taken at iteration 20: 11.51 cost received: 0.41
CRITICAL - action taken at iteration 21: 1.55 cost received: 0.34
CRITICAL - action taken at iteration 22: 22.26 cost received: 0.28
CRITICAL - action taken at iteration 23: -10.10 cost received: 0.26
CRITICAL - action taken at iteration 24: -11.02 cost received: 0.13
CRITICAL - action taken at iteration 25: 13.07 cost received: 0.06
CRITICAL - action taken at iteration 26: 5.24 cost received: 0.06
CRITICAL - action taken at iteration 27: -17.00 cost received: 0.08
CRITICAL - action taken at iteration 28: -14.44 cost received: 0.03
CRITICAL - action taken at iteration 29: 16.32 cost received: 0.02
CRITICAL - action taken at iteration 30: 8.58 cost received: 0.02
CRITICAL - action taken at iteration 31: 19.32 cost received: 0.03
CRITICAL - action taken at iteration 32: -12.17 cost received: 0.05
CRITICAL - action taken at iteration 33: 19.64 cost received: 0.02
CRITICAL - action taken at iteration 34: -19.22 cost received: 0.04
CRITICAL - action taken at iteration 35: -14.08 cost received: 0.02
CRITICAL - action taken at iteration 36: 14.89 cost received: 0.00
CRITICAL - action taken at iteration 37: -18.75 cost received: 0.02
CRITICAL - action taken at iteration 38: -12.38 cost received: 0.01
CRITICAL - action taken at iteration 39: 5.01 cost received: 0.01
CRITICAL - action taken at iteration 40: -12.10 cost received: 0.01
CRITICAL - action taken at iteration 41: 17.84 cost received: 0.01
CRITICAL - action taken at iteration 42: -18.23 cost received: 0.01
CRITICAL - action taken at iteration 43: -20.03 cost received: 0.01
CRITICAL - action taken at iteration 44: -21.63 cost received: 0.01
CRITICAL - action taken at iteration 45: 22.60 cost received: 0.04
CRITICAL - action taken at iteration 46: 21.80 cost received: 0.01
CRITICAL - action taken at iteration 47: 26.59 cost received: 0.00
CRITICAL - action taken at iteration 48: -14.27 cost received: 0.01
CRITICAL - action taken at iteration 49: -17.32 cost received: 0.00
CRITICAL - action taken at iteration 50: 18.65 cost received: 0.01
CRITICAL - action taken at iteration 51: -19.52 cost received: 0.00
CRITICAL - action taken at iteration 52: 4.03 cost received: 0.01
CRITICAL - action taken at iteration 53: 7.15 cost received: 0.00
CRITICAL - action taken at iteration 54: 13.13 cost received: 0.01
CRITICAL - action taken at iteration 55: -15.63 cost received: 0.03
CRITICAL - action taken at iteration 56: -13.92 cost received: 0.01
CRITICAL - action taken at iteration 57: -8.80 cost received: 0.00
CRITICAL - action taken at iteration 58: 15.03 cost received: 0.01
CRITICAL - action taken at iteration 59: -21.85 cost received: 0.00
CRITICAL - action taken at iteration 60: 10.63 cost received: 0.01
CRITICAL - action taken at iteration 61: -3.40 cost received: 0.00
CRITICAL - action taken at iteration 62: 9.67 cost received: 0.01
CRITICAL - action taken at iteration 63: -15.40 cost received: 0.00
CRITICAL - action taken at iteration 64: 13.16 cost received: 0.02
CRITICAL - action taken at iteration 65: 13.05 cost received: 0.01
CRITICAL - action taken at iteration 66: -11.47 cost received: 0.01
CRITICAL - action taken at iteration 67: 16.53 cost received: 0.01
CRITICAL - action taken at iteration 68: -17.52 cost received: 0.01
CRITICAL - action taken at iteration 69: 13.37 cost received: 0.01
CRITICAL - action taken at iteration 70: 14.58 cost received: 0.01
CRITICAL - action taken at iteration 71: -21.02 cost received: 0.01
CRITICAL - action taken at iteration 72: 13.46 cost received: 0.01
CRITICAL - action taken at iteration 73: -17.85 cost received: 0.01
CRITICAL - action taken at iteration 74: 17.56 cost received: 0.01
CRITICAL - action taken at iteration 75: -20.73 cost received: 0.01
CRITICAL - action taken at iteration 76: 21.14 cost received: 0.01
CRITICAL - action taken at iteration 77: -20.35 cost received: 0.01
CRITICAL - action taken at iteration 78: 21.18 cost received: 0.01
CRITICAL - action taken at iteration 79: -20.57 cost received: 0.01
CRITICAL - action taken at iteration 80: 26.38 cost received: 0.01
CRITICAL - action taken at iteration 81: -26.32 cost received: 0.01
CRITICAL - action taken at iteration 82: 23.40 cost received: 0.01
CRITICAL - action taken at iteration 83: 8.02 cost received: 0.01
CRITICAL - action taken at iteration 84: -19.85 cost received: 0.02
CRITICAL - action taken at iteration 85: 20.76 cost received: 0.01
CRITICAL - action taken at iteration 86: -14.78 cost received: 0.03
CRITICAL - action taken at iteration 87: -6.22 cost received: 0.01
CRITICAL - action taken at iteration 88: -9.53 cost received: 0.01
CRITICAL - action taken at iteration 89: 14.88 cost received: 0.02
CRITICAL - action taken at iteration 90: -12.49 cost received: 0.00
CRITICAL - action taken at iteration 91: -5.71 cost received: 0.01
CRITICAL - action taken at iteration 92: 10.80 cost received: 0.04
CRITICAL - action taken at iteration 93: 12.52 cost received: 0.02
CRITICAL - action taken at iteration 94: -9.50 cost received: 0.01
CRITICAL - action taken at iteration 95: 14.44 cost received: 0.02
CRITICAL - action taken at iteration 96: 13.29 cost received: 0.01
CRITICAL - action taken at iteration 97: -12.32 cost received: 0.01
CRITICAL - action taken at iteration 98: 16.42 cost received: 0.01
CRITICAL - action taken at iteration 99: 14.72 cost received: 0.01
